[debug] [2022-07-03T07:45:40.509Z] ----------------------------------------------------------------------
[debug] [2022-07-03T07:45:40.509Z] Command:       /usr/local/bin/node /usr/local/bin/firebase init
[debug] [2022-07-03T07:45:40.510Z] CLI Version:   10.9.2
[debug] [2022-07-03T07:45:40.510Z] Platform:      darwin
[debug] [2022-07-03T07:45:40.510Z] Node Version:  v16.15.1
[debug] [2022-07-03T07:45:40.512Z] Time:          Sun Jul 03 2022 10:45:40 GMT+0300 (Eastern European Summer Time)
[debug] [2022-07-03T07:45:40.512Z] ----------------------------------------------------------------------
[debug] 
[debug] [2022-07-03T07:45:40.539Z] > command requires scopes: ["email","openid","https://www.googleapis.com/auth/cloudplatformprojects.readonly","https://www.googleapis.com/auth/firebase","https://www.googleapis.com/auth/cloud-platform"]
[debug] [2022-07-03T07:45:40.539Z] > authorizing via signed-in user (hello@nula.work)
[info] 
     ######## #### ########  ######## ########     ###     ######  ########
     ##        ##  ##     ## ##       ##     ##  ##   ##  ##       ##
     ######    ##  ########  ######   ########  #########  ######  ######
     ##        ##  ##    ##  ##       ##     ## ##     ##       ## ##
     ##       #### ##     ## ######## ########  ##     ##  ######  ########

You're about to initialize a Firebase project in this directory:

  /Users/reemshamia/Desktop/nulla_dashboard

Before we get started, keep in mind:

  * You are initializing within an existing Firebase project directory

[info] 
=== Project Setup
[info] 
[info] First, let's associate this project directory with a Firebase project.
[info] You can create multiple project aliases by running firebase use --add, 
[info] but for now we'll just set up a default project.
[info] 
[debug] [2022-07-03T07:45:43.717Z] Using project from CLI flag: nulla-316b1
[debug] [2022-07-03T07:45:43.719Z] >>> [apiv2][query] GET https://firebase.googleapis.com/v1beta1/projects/nulla-316b1 [none]
[debug] [2022-07-03T07:45:44.131Z] <<< [apiv2][status] GET https://firebase.googleapis.com/v1beta1/projects/nulla-316b1 200
[debug] [2022-07-03T07:45:44.131Z] <<< [apiv2][body] GET https://firebase.googleapis.com/v1beta1/projects/nulla-316b1 {"projectId":"nulla-316b1","projectNumber":"687533639630","displayName":"Nulla ","name":"projects/nulla-316b1","resources":{"hostingSite":"nulla-316b1","realtimeDatabaseInstance":"nulla-316b1-default-rtdb","storageBucket":"nulla-316b1.appspot.com","locationId":"us-central"},"state":"ACTIVE"}
[info] i  Using project nulla-316b1 (Nulla ) 
[info] 
=== Firestore Setup
[debug] [2022-07-03T07:45:44.155Z] >>> [apiv2][query] GET https://serviceusage.googleapis.com/v1/projects/nulla-316b1/services/firestore.googleapis.com [none]
[debug] [2022-07-03T07:45:45.206Z] <<< [apiv2][status] GET https://serviceusage.googleapis.com/v1/projects/nulla-316b1/services/firestore.googleapis.com 200
[debug] [2022-07-03T07:45:45.206Z] <<< [apiv2][body] GET https://serviceusage.googleapis.com/v1/projects/nulla-316b1/services/firestore.googleapis.com [omitted]
[debug] [2022-07-03T07:45:45.208Z] > refreshing access token with scopes: ["email","https://www.googleapis.com/auth/cloud-platform","https://www.googleapis.com/auth/cloudplatformprojects.readonly","https://www.googleapis.com/auth/firebase","openid"]
[debug] [2022-07-03T07:45:45.208Z] >>> HTTP REQUEST POST https://www.googleapis.com/oauth2/v3/token  
 <request body omitted>
[debug] [2022-07-03T07:45:45.457Z] <<< HTTP RESPONSE 200 {"cache-control":"no-cache, no-store, max-age=0, must-revalidate","date":"Sun, 03 Jul 2022 07:45:45 GMT","expires":"Mon, 01 Jan 1990 00:00:00 GMT","pragma":"no-cache","content-type":"application/json; charset=utf-8","vary":"X-Origin, Referer, Origin,Accept-Encoding","server":"scaffolding on HTTPServer2","x-xss-protection":"0","x-frame-options":"SAMEORIGIN","x-content-type-options":"nosniff","alt-svc":"h3=\":443\"; ma=2592000,h3-29=\":443\"; ma=2592000,h3-Q050=\":443\"; ma=2592000,h3-Q046=\":443\"; ma=2592000,h3-Q043=\":443\"; ma=2592000,quic=\":443\"; ma=2592000; v=\"46,43\"","accept-ranges":"none","transfer-encoding":"chunked"}
[debug] [2022-07-03T07:45:45.502Z] >>> HTTP REQUEST GET https://appengine.googleapis.com/v1/apps/nulla-316b1  
 
[debug] [2022-07-03T07:45:45.981Z] <<< HTTP RESPONSE 200 {"content-type":"application/json; charset=UTF-8","vary":"X-Origin, Referer, Origin,Accept-Encoding","date":"Sun, 03 Jul 2022 07:45:46 GMT","server":"ESF","cache-control":"private","x-xss-protection":"0","x-frame-options":"SAMEORIGIN","x-content-type-options":"nosniff","alt-svc":"h3=\":443\"; ma=2592000,h3-29=\":443\"; ma=2592000,h3-Q050=\":443\"; ma=2592000,h3-Q046=\":443\"; ma=2592000,h3-Q043=\":443\"; ma=2592000,quic=\":443\"; ma=2592000; v=\"46,43\"","accept-ranges":"none","transfer-encoding":"chunked"}
[debug] [2022-07-03T07:45:45.982Z] database_type: CLOUD_FIRESTORE
[debug] [2022-07-03T07:45:45.983Z] > command requires scopes: ["email","openid","https://www.googleapis.com/auth/cloudplatformprojects.readonly","https://www.googleapis.com/auth/firebase","https://www.googleapis.com/auth/cloud-platform"]
[debug] [2022-07-03T07:45:45.983Z] > authorizing via signed-in user (hello@nula.work)
[debug] [2022-07-03T07:45:45.984Z] [iam] checking project nulla-316b1 for permissions ["firebase.projects.get"]
[debug] [2022-07-03T07:45:45.984Z] > refreshing access token with scopes: []
[debug] [2022-07-03T07:45:45.984Z] >>> HTTP REQUEST POST https://www.googleapis.com/oauth2/v3/token  
 <request body omitted>
[debug] [2022-07-03T07:45:46.221Z] <<< HTTP RESPONSE 200 {"pragma":"no-cache","date":"Sun, 03 Jul 2022 07:45:46 GMT","expires":"Mon, 01 Jan 1990 00:00:00 GMT","cache-control":"no-cache, no-store, max-age=0, must-revalidate","content-type":"application/json; charset=utf-8","vary":"X-Origin, Referer, Origin,Accept-Encoding","server":"scaffolding on HTTPServer2","x-xss-protection":"0","x-frame-options":"SAMEORIGIN","x-content-type-options":"nosniff","alt-svc":"h3=\":443\"; ma=2592000,h3-29=\":443\"; ma=2592000,h3-Q050=\":443\"; ma=2592000,h3-Q046=\":443\"; ma=2592000,h3-Q043=\":443\"; ma=2592000,quic=\":443\"; ma=2592000; v=\"46,43\"","accept-ranges":"none","transfer-encoding":"chunked"}
[debug] [2022-07-03T07:45:46.266Z] >>> [apiv2][query] POST https://cloudresourcemanager.googleapis.com/v1/projects/nulla-316b1:testIamPermissions [none]
[debug] [2022-07-03T07:45:46.266Z] >>> [apiv2][body] POST https://cloudresourcemanager.googleapis.com/v1/projects/nulla-316b1:testIamPermissions {"permissions":["firebase.projects.get"]}
[debug] [2022-07-03T07:45:46.657Z] <<< [apiv2][status] POST https://cloudresourcemanager.googleapis.com/v1/projects/nulla-316b1:testIamPermissions 200
[debug] [2022-07-03T07:45:46.658Z] <<< [apiv2][body] POST https://cloudresourcemanager.googleapis.com/v1/projects/nulla-316b1:testIamPermissions {"permissions":["firebase.projects.get"]}
[info] 
[info] Firestore Security Rules allow you to define how and when to allow
[info] requests. You can keep these rules in your project directory
[info] and publish them with firebase deploy.
[info] 
[debug] [2022-07-03T07:45:50.781Z] >>> [apiv2][query] GET https://firebaserules.googleapis.com/v1/projects/nulla-316b1/releases pageSize=10&pageToken=
[debug] [2022-07-03T07:45:51.689Z] <<< [apiv2][status] GET https://firebaserules.googleapis.com/v1/projects/nulla-316b1/releases 200
[debug] [2022-07-03T07:45:51.689Z] <<< [apiv2][body] GET https://firebaserules.googleapis.com/v1/projects/nulla-316b1/releases {"releases":[{"name":"projects/nulla-316b1/releases/cloud.firestore","rulesetName":"projects/nulla-316b1/rulesets/f642f55a-1c37-47c7-9dd5-b8f0bb0176fe","createTime":"2022-06-01T14:29:23.152726Z","updateTime":"2022-07-03T07:32:58.607696Z"}]}
[debug] [2022-07-03T07:45:51.690Z] Found ruleset: projects/nulla-316b1/rulesets/f642f55a-1c37-47c7-9dd5-b8f0bb0176fe
[debug] [2022-07-03T07:45:51.690Z] >>> [apiv2][query] GET https://firebaserules.googleapis.com/v1/projects/nulla-316b1/rulesets/f642f55a-1c37-47c7-9dd5-b8f0bb0176fe [none]
[debug] [2022-07-03T07:45:52.524Z] <<< [apiv2][status] GET https://firebaserules.googleapis.com/v1/projects/nulla-316b1/rulesets/f642f55a-1c37-47c7-9dd5-b8f0bb0176fe 200
[debug] [2022-07-03T07:45:52.524Z] <<< [apiv2][body] GET https://firebaserules.googleapis.com/v1/projects/nulla-316b1/rulesets/f642f55a-1c37-47c7-9dd5-b8f0bb0176fe [omitted]
[info] 
[info] Firestore indexes allow you to perform complex queries while
[info] maintaining performance that scales with the size of the result
[info] set. You can keep index definitions in your project directory
[info] and publish them with firebase deploy.
[info] 
[debug] [2022-07-03T07:45:58.571Z] > refreshing access token with scopes: ["email","https://www.googleapis.com/auth/cloud-platform","https://www.googleapis.com/auth/cloudplatformprojects.readonly","https://www.googleapis.com/auth/firebase","openid"]
[debug] [2022-07-03T07:45:58.572Z] >>> HTTP REQUEST POST https://www.googleapis.com/oauth2/v3/token  
 <request body omitted>
[debug] [2022-07-03T07:45:58.573Z] > refreshing access token with scopes: ["email","https://www.googleapis.com/auth/cloud-platform","https://www.googleapis.com/auth/cloudplatformprojects.readonly","https://www.googleapis.com/auth/firebase","openid"]
[debug] [2022-07-03T07:45:58.574Z] >>> HTTP REQUEST POST https://www.googleapis.com/oauth2/v3/token  
 <request body omitted>
[debug] [2022-07-03T07:45:58.807Z] <<< HTTP RESPONSE 200 {"cache-control":"no-cache, no-store, max-age=0, must-revalidate","date":"Sun, 03 Jul 2022 07:45:58 GMT","pragma":"no-cache","expires":"Mon, 01 Jan 1990 00:00:00 GMT","content-type":"application/json; charset=utf-8","vary":"X-Origin, Referer, Origin,Accept-Encoding","server":"scaffolding on HTTPServer2","x-xss-protection":"0","x-frame-options":"SAMEORIGIN","x-content-type-options":"nosniff","alt-svc":"h3=\":443\"; ma=2592000,h3-29=\":443\"; ma=2592000,h3-Q050=\":443\"; ma=2592000,h3-Q046=\":443\"; ma=2592000,h3-Q043=\":443\"; ma=2592000,quic=\":443\"; ma=2592000; v=\"46,43\"","accept-ranges":"none","transfer-encoding":"chunked"}
[debug] [2022-07-03T07:45:58.853Z] >>> HTTP REQUEST GET https://firestore.googleapis.com/v1/projects/nulla-316b1/databases/(default)/collectionGroups/-/indexes  
 
[debug] [2022-07-03T07:45:58.859Z] <<< HTTP RESPONSE 200 {"cache-control":"no-cache, no-store, max-age=0, must-revalidate","expires":"Mon, 01 Jan 1990 00:00:00 GMT","date":"Sun, 03 Jul 2022 07:45:58 GMT","pragma":"no-cache","content-type":"application/json; charset=utf-8","vary":"X-Origin, Referer, Origin,Accept-Encoding","server":"scaffolding on HTTPServer2","x-xss-protection":"0","x-frame-options":"SAMEORIGIN","x-content-type-options":"nosniff","alt-svc":"h3=\":443\"; ma=2592000,h3-29=\":443\"; ma=2592000,h3-Q050=\":443\"; ma=2592000,h3-Q046=\":443\"; ma=2592000,h3-Q043=\":443\"; ma=2592000,quic=\":443\"; ma=2592000; v=\"46,43\"","accept-ranges":"none","transfer-encoding":"chunked"}
[debug] [2022-07-03T07:45:58.901Z] >>> HTTP REQUEST GET https://firestore.googleapis.com/v1/projects/nulla-316b1/databases/(default)/collectionGroups/-/fields?filter=indexConfig.usesAncestorConfig=false  
 
[debug] [2022-07-03T07:45:59.690Z] <<< HTTP RESPONSE 200 {"content-type":"application/json; charset=UTF-8","vary":"X-Origin, Referer, Origin,Accept-Encoding","date":"Sun, 03 Jul 2022 07:45:59 GMT","server":"ESF","cache-control":"private","x-xss-protection":"0","x-frame-options":"SAMEORIGIN","x-content-type-options":"nosniff","alt-svc":"h3=\":443\"; ma=2592000,h3-29=\":443\"; ma=2592000,h3-Q050=\":443\"; ma=2592000,h3-Q046=\":443\"; ma=2592000,h3-Q043=\":443\"; ma=2592000,quic=\":443\"; ma=2592000; v=\"46,43\"","accept-ranges":"none","transfer-encoding":"chunked"}
[debug] [2022-07-03T07:45:59.691Z] <<< HTTP RESPONSE 200 {"content-type":"application/json; charset=UTF-8","vary":"X-Origin, Referer, Origin,Accept-Encoding","date":"Sun, 03 Jul 2022 07:45:59 GMT","server":"ESF","cache-control":"private","x-xss-protection":"0","x-frame-options":"SAMEORIGIN","x-content-type-options":"nosniff","alt-svc":"h3=\":443\"; ma=2592000,h3-29=\":443\"; ma=2592000,h3-Q050=\":443\"; ma=2592000,h3-Q046=\":443\"; ma=2592000,h3-Q043=\":443\"; ma=2592000,quic=\":443\"; ma=2592000; v=\"46,43\"","accept-ranges":"none","transfer-encoding":"chunked"}
[info] 
=== Functions Setup
[info] 
[info] A functions directory will be created in your project with sample code
[info] pre-configured. Functions can be deployed with firebase deploy.
[info] 
[debug] [2022-07-03T07:45:59.693Z] > command requires scopes: ["email","openid","https://www.googleapis.com/auth/cloudplatformprojects.readonly","https://www.googleapis.com/auth/firebase","https://www.googleapis.com/auth/cloud-platform"]
[debug] [2022-07-03T07:45:59.693Z] > authorizing via signed-in user (hello@nula.work)
[debug] [2022-07-03T07:45:59.693Z] [iam] checking project nulla-316b1 for permissions ["firebase.projects.get"]
[debug] [2022-07-03T07:45:59.694Z] > refreshing access token with scopes: []
[debug] [2022-07-03T07:45:59.694Z] >>> HTTP REQUEST POST https://www.googleapis.com/oauth2/v3/token  
 <request body omitted>
[debug] [2022-07-03T07:45:59.926Z] <<< HTTP RESPONSE 200 {"pragma":"no-cache","date":"Sun, 03 Jul 2022 07:46:00 GMT","cache-control":"no-cache, no-store, max-age=0, must-revalidate","expires":"Mon, 01 Jan 1990 00:00:00 GMT","content-type":"application/json; charset=utf-8","vary":"X-Origin, Referer, Origin,Accept-Encoding","server":"scaffolding on HTTPServer2","x-xss-protection":"0","x-frame-options":"SAMEORIGIN","x-content-type-options":"nosniff","alt-svc":"h3=\":443\"; ma=2592000,h3-29=\":443\"; ma=2592000,h3-Q050=\":443\"; ma=2592000,h3-Q046=\":443\"; ma=2592000,h3-Q043=\":443\"; ma=2592000,quic=\":443\"; ma=2592000; v=\"46,43\"","accept-ranges":"none","transfer-encoding":"chunked"}
[debug] [2022-07-03T07:45:59.971Z] >>> [apiv2][query] POST https://cloudresourcemanager.googleapis.com/v1/projects/nulla-316b1:testIamPermissions [none]
[debug] [2022-07-03T07:45:59.971Z] >>> [apiv2][body] POST https://cloudresourcemanager.googleapis.com/v1/projects/nulla-316b1:testIamPermissions {"permissions":["firebase.projects.get"]}
[debug] [2022-07-03T07:46:00.765Z] <<< [apiv2][status] POST https://cloudresourcemanager.googleapis.com/v1/projects/nulla-316b1:testIamPermissions 200
[debug] [2022-07-03T07:46:00.765Z] <<< [apiv2][body] POST https://cloudresourcemanager.googleapis.com/v1/projects/nulla-316b1:testIamPermissions {"permissions":["firebase.projects.get"]}
[debug] [2022-07-03T07:46:00.765Z] >>> [apiv2][query] GET https://serviceusage.googleapis.com/v1/projects/nulla-316b1/services/cloudfunctions.googleapis.com [none]
[debug] [2022-07-03T07:46:00.767Z] >>> [apiv2][query] GET https://serviceusage.googleapis.com/v1/projects/nulla-316b1/services/runtimeconfig.googleapis.com [none]
[debug] [2022-07-03T07:46:01.741Z] <<< [apiv2][status] GET https://serviceusage.googleapis.com/v1/projects/nulla-316b1/services/runtimeconfig.googleapis.com 200
[debug] [2022-07-03T07:46:01.741Z] <<< [apiv2][body] GET https://serviceusage.googleapis.com/v1/projects/nulla-316b1/services/runtimeconfig.googleapis.com [omitted]
[debug] [2022-07-03T07:46:01.769Z] <<< [apiv2][status] GET https://serviceusage.googleapis.com/v1/projects/nulla-316b1/services/cloudfunctions.googleapis.com 200
[debug] [2022-07-03T07:46:01.770Z] <<< [apiv2][body] GET https://serviceusage.googleapis.com/v1/projects/nulla-316b1/services/cloudfunctions.googleapis.com [omitted]
[info] i  Skipping write of functions/package.json 
